<?xml version="1.0" encoding="UTF-8"?>
<!-- Generated by org.testng.reporters.JUnitXMLReporter -->
<testsuite ignored="1" hostname="DESKTOP-BN58AHQ" failures="0" tests="4" name="Default test" time="0.093" errors="0" timestamp="2025-09-15T23:20:41 GMT+06:00">
  <testcase classname="CH16_TestNG.day3" name="WebLogInCarLoan" time="0.012"/>
  <testcase classname="CH16_TestNG.day3" name="mobileSignOutLoan" time="0.007"/>
  <testcase classname="CH16_TestNG.day3" name="mobileLogInCarLoan" time="0.002"/>
  <testcase classname="CH16_TestNG.day3" name="APICarLoan" time="0.001"/>
  <testcase classname="CH16_TestNG.day3" name="mobileSingInCarLoan" time="0.0">
    <ignored/>
  </testcase> <!-- mobileSingInCarLoan -->
</testsuite> <!-- Default test -->
