<?xml version="1.0" encoding="UTF-8"?>
<!-- Generated by org.testng.reporters.JUnitXMLReporter -->
<testsuite ignored="0" hostname="DESKTOP-BN58AHQ" failures="0" tests="3" name="Personal Loan" time="0.076" errors="0" timestamp="2025-09-15T16:01:24 GMT+06:00">
  <testcase classname="CH16_TestNG.runTestCaseWithoutJavaCompiler" name="Demo" time="0.018"/>
  <testcase classname="CH16_TestNG.runTestCaseWithoutJavaCompiler" name="ndTest" time="0.003"/>
  <testcase classname="CH16_TestNG.day2" name="Demo" time="0.002"/>
</testsuite> <!-- Personal Loan -->
