<?xml version="1.0" encoding="UTF-8"?>
<!-- Generated by org.testng.reporters.JUnitXMLReporter -->
<testsuite ignored="2" hostname="DESKTOP-BN58AHQ" failures="0" tests="6" name="Car Loan" time="0.194" errors="0" timestamp="2025-09-17T00:22:31 GMT+06:00">
  <testcase classname="CH16_TestNG.day3" name="WebLogInCarLoan" time="0.024"/>
  <testcase classname="CH16_TestNG.day3" name="mobileLogInCarLoan" time="0.01"/>
  <testcase classname="CH16_TestNG.day3" name="mobileSignOutLoan" time="0.015"/>
  <testcase classname="CH16_TestNG.day3" name="mobileSignOutLoan2" time="0.004"/>
  <testcase classname="CH16_TestNG.day3" name="mobileSignOutLoan2" time="0.007"/>
  <testcase classname="CH16_TestNG.day3" name="mobileSignOutLoan2" time="0.003"/>
  <testcase classname="CH16_TestNG.day3" name="mobileSingInCarLoan" time="0.0">
    <ignored/>
  </testcase> <!-- mobileSingInCarLoan -->
  <testcase classname="CH16_TestNG.day3" name="APICarLoan" time="0.0">
    <ignored/>
  </testcase> <!-- APICarLoan -->
</testsuite> <!-- Car Loan -->
