<?xml version="1.0" encoding="UTF-8"?>
<!-- Generated by org.testng.reporters.JUnitXMLReporter -->
<testsuite ignored="2" hostname="DESKTOP-BN58AHQ" failures="0" tests="6" name="Car Loan" time="0.249" errors="0" timestamp="2025-11-08T18:38:47 GMT+06:00">
  <testcase classname="CH_16_TestNG.day3" name="WebLogInCarLoan" time="0.032"/>
  <testcase classname="CH_16_TestNG.day3" name="mobileLogInCarLoan" time="0.003"/>
  <testcase classname="CH_16_TestNG.day3" name="mobileSignOutLoan" time="0.011"/>
  <testcase classname="CH_16_TestNG.day3" name="mobileSignOutLoan2" time="0.005"/>
  <testcase classname="CH_16_TestNG.day3" name="mobileSignOutLoan2" time="0.003"/>
  <testcase classname="CH_16_TestNG.day3" name="mobileSignOutLoan2" time="0.003"/>
  <testcase classname="CH_16_TestNG.day3" name="APICarLoan" time="0.0">
    <ignored/>
  </testcase> <!-- APICarLoan -->
  <testcase classname="CH_16_TestNG.day3" name="mobileSingInCarLoan" time="0.0">
    <ignored/>
  </testcase> <!-- mobileSingInCarLoan -->
</testsuite> <!-- Car Loan -->
