<?xml version="1.0" encoding="UTF-8"?>
<!-- Generated by org.testng.reporters.JUnitXMLReporter -->
<testsuite ignored="1" hostname="DESKTOP-BN58AHQ" failures="0" tests="5" name="Personal Loan" time="0.073" errors="0" timestamp="2025-09-15T22:28:01 GMT+06:00">
  <testcase classname="CH16_TestNG.runTestCaseWithoutJavaCompiler" name="Demo" time="0.009"/>
  <testcase classname="CH16_TestNG.day2" name="Demo" time="0.002"/>
  <testcase classname="CH16_TestNG.day4" name="LogInHomeLoan" time="0.002"/>
  <testcase classname="CH16_TestNG.day4" name="MobileLogInHomeLoan" time="0.003"/>
  <testcase classname="CH16_TestNG.day4" name="WebLogInHomeLoan" time="0.002"/>
  <testcase classname="CH16_TestNG.runTestCaseWithoutJavaCompiler" name="ndTest" time="0.0">
    <ignored/>
  </testcase> <!-- ndTest -->
</testsuite> <!-- Personal Loan -->
