<?xml version="1.0" encoding="UTF-8"?>
<!-- Generated by org.testng.reporters.JUnitXMLReporter -->
<testsuite ignored="0" hostname="DESKTOP-BN58AHQ" failures="0" tests="11" name="Personal Loan" time="0.132" errors="0" timestamp="2025-09-15T19:52:25 GMT+06:00">
  <testcase classname="CH16_TestNG.day2" name="Demo" time="0.023"/>
  <testcase classname="CH16_TestNG.day3" name="LogInCarLoan" time="0.001"/>
  <testcase classname="CH16_TestNG.day3" name="WebLogInCarLoan" time="0.004"/>
  <testcase classname="CH16_TestNG.day3" name="mobileLogInCarLoan" time="0.006"/>
  <testcase classname="CH16_TestNG.day3" name="mobileSignOutLoan" time="0.003"/>
  <testcase classname="CH16_TestNG.day3" name="mobileSingInCarLoan" time="0.002"/>
  <testcase classname="CH16_TestNG.day4" name="LogInHomeLoan" time="0.003"/>
  <testcase classname="CH16_TestNG.day4" name="WebLogInHomeLoan" time="0.003"/>
  <testcase classname="CH16_TestNG.day4" name="mobileLogInHomeLoan" time="0.002"/>
  <testcase classname="CH16_TestNG.runTestCaseWithoutJavaCompiler" name="Demo" time="0.001"/>
  <testcase classname="CH16_TestNG.runTestCaseWithoutJavaCompiler" name="ndTest" time="0.001"/>
</testsuite> <!-- Personal Loan -->
