<?xml version="1.0" encoding="UTF-8"?>
<!-- Generated by org.testng.reporters.JUnitXMLReporter -->
<testsuite ignored="1" hostname="DESKTOP-BN58AHQ" failures="3" tests="13" name="Personal Loan" time="0.267" errors="0" timestamp="2025-11-08T18:40:04 GMT+06:00">
  <testcase classname="CH_16_TestNG.day2" name="Demo" time="0.017"/>
  <testcase classname="CH_16_TestNG.day3" name="WebLogInCarLoan" time="0.0">
    <failure type="org.testng.TestNGException" message="
Parameter &amp;apos;URL&amp;apos; is required by @Test on method WebLogInCarLoan but has not been marked @Optional or defined
in F:\Selenium\Selenium_Learning_Series\testng2.xml">
      <![CDATA[org.testng.TestNGException: 
Parameter 'URL' is required by @Test on method WebLogInCarLoan but has not been marked @Optional or defined
in F:\Selenium\Selenium_Learning_Series\testng2.xml
at java.base/java.util.ArrayList.forEach(ArrayList.java:1597)
... Removed 26 stack frames]]>
    </failure>
  </testcase> <!-- WebLogInCarLoan -->
  <testcase classname="CH_16_TestNG.day3" name="mobileLogInCarLoan" time="0.003"/>
  <testcase classname="CH_16_TestNG.day3" name="mobileSignOutLoan" time="0.011"/>
  <testcase classname="CH_16_TestNG.day3" name="mobileSignOutLoan2" time="0.007"/>
  <testcase classname="CH_16_TestNG.day3" name="mobileSignOutLoan2" time="0.002"/>
  <testcase classname="CH_16_TestNG.day3" name="mobileSignOutLoan2" time="0.002"/>
  <testcase classname="CH_16_TestNG.day3" name="APICarLoan" time="0.001">
    <skipped/>
  </testcase> <!-- APICarLoan -->
  <testcase classname="CH_16_TestNG.day4" name="LogInHomeLoan" time="0.002"/>
  <testcase classname="CH_16_TestNG.day4" name="MobileLogInHomeLoan" time="0.004"/>
  <testcase classname="CH_16_TestNG.day4" name="WebLogInHomeLoan" time="0.0">
    <failure type="org.testng.TestNGException" message="
Parameter &amp;apos;URL&amp;apos; is required by @Test on method WebLogInHomeLoan but has not been marked @Optional or defined
in F:\Selenium\Selenium_Learning_Series\testng2.xml">
      <![CDATA[org.testng.TestNGException: 
Parameter 'URL' is required by @Test on method WebLogInHomeLoan but has not been marked @Optional or defined
in F:\Selenium\Selenium_Learning_Series\testng2.xml
at java.base/java.util.ArrayList.forEach(ArrayList.java:1597)
... Removed 26 stack frames]]>
    </failure>
  </testcase> <!-- WebLogInHomeLoan -->
  <testcase classname="CH_16_TestNG.runTestCaseWithoutJavaCompiler" name="Demo" time="0.016">
    <failure type="java.lang.AssertionError" message="expected [true] but found [false]">
      <![CDATA[java.lang.AssertionError: expected [true] but found [false]
at CH_16_TestNG.runTestCaseWithoutJavaCompiler.Demo(runTestCaseWithoutJavaCompiler.java:25)
at java.base/java.util.ArrayList.forEach(ArrayList.java:1597)
... Removed 29 stack frames]]>
    </failure>
  </testcase> <!-- Demo -->
  <testcase classname="CH_16_TestNG.runTestCaseWithoutJavaCompiler" name="ndTest" time="0.002"/>
  <testcase classname="CH_16_TestNG.day3" name="mobileSingInCarLoan" time="0.0">
    <ignored/>
  </testcase> <!-- mobileSingInCarLoan -->
</testsuite> <!-- Personal Loan -->
