<?xml version="1.0" encoding="UTF-8"?>
<!-- Generated by org.testng.reporters.JUnitXMLReporter -->
<testsuite ignored="0" hostname="DESKTOP-BN58AHQ" failures="0" tests="11" name="Personal Loan" time="0.112" errors="0" timestamp="2025-09-15T22:49:28 GMT+06:00">
  <testcase classname="CH16_TestNG.day2" name="Demo" time="0.018"/>
  <testcase classname="CH16_TestNG.day3" name="APICarLoan" time="0.002"/>
  <testcase classname="CH16_TestNG.day3" name="WebLogInCarLoan" time="0.002"/>
  <testcase classname="CH16_TestNG.day3" name="mobileLogInCarLoan" time="0.002"/>
  <testcase classname="CH16_TestNG.day3" name="mobileSignOutLoan" time="0.002"/>
  <testcase classname="CH16_TestNG.day3" name="mobileSingInCarLoan" time="0.001"/>
  <testcase classname="CH16_TestNG.day4" name="LogInHomeLoan" time="0.002"/>
  <testcase classname="CH16_TestNG.day4" name="MobileLogInHomeLoan" time="0.002"/>
  <testcase classname="CH16_TestNG.day4" name="WebLogInHomeLoan" time="0.002"/>
  <testcase classname="CH16_TestNG.runTestCaseWithoutJavaCompiler" name="Demo" time="0.002"/>
  <testcase classname="CH16_TestNG.runTestCaseWithoutJavaCompiler" name="ndTest" time="0.002"/>
</testsuite> <!-- Personal Loan -->
