<?xml version="1.0" encoding="UTF-8"?>
<!-- Generated by org.testng.reporters.JUnitXMLReporter -->
<testsuite ignored="7" hostname="DESKTOP-BN58AHQ" failures="0" tests="3" name="Regression" time="0.144" errors="0" timestamp="2025-11-08T18:40:44 GMT+06:00">
  <testcase classname="CH_16_TestNG.day2" name="Demo" time="0.024"/>
  <testcase classname="CH_16_TestNG.day4" name="MobileLogInHomeLoan" time="0.004"/>
  <testcase classname="CH_16_TestNG.day3" name="mobileLogInCarLoan" time="0.002"/>
  <testcase classname="CH_16_TestNG.day4" name="LogInHomeLoan" time="0.0">
    <ignored/>
  </testcase> <!-- LogInHomeLoan -->
  <testcase classname="CH_16_TestNG.day3" name="mobileSignOutLoan" time="0.0">
    <ignored/>
  </testcase> <!-- mobileSignOutLoan -->
  <testcase classname="CH_16_TestNG.day3" name="mobileSignOutLoan2" time="0.0">
    <ignored/>
  </testcase> <!-- mobileSignOutLoan2 -->
  <testcase classname="CH_16_TestNG.day3" name="mobileSingInCarLoan" time="0.0">
    <ignored/>
  </testcase> <!-- mobileSingInCarLoan -->
  <testcase classname="CH_16_TestNG.day3" name="WebLogInCarLoan" time="0.0">
    <ignored/>
  </testcase> <!-- WebLogInCarLoan -->
  <testcase classname="CH_16_TestNG.day4" name="WebLogInHomeLoan" time="0.0">
    <ignored/>
  </testcase> <!-- WebLogInHomeLoan -->
  <testcase classname="CH_16_TestNG.day3" name="APICarLoan" time="0.0">
    <ignored/>
  </testcase> <!-- APICarLoan -->
</testsuite> <!-- Regression -->
