<?xml version="1.0" encoding="UTF-8"?>
<testng-results ignored="0" total="1" passed="1" failed="0" skipped="0">
  <reporter-output>
  </reporter-output>
  <suite started-at="2025-11-09T23:36:04 GMT+06:00" name="Default suite" finished-at="2025-11-09T23:36:04 GMT+06:00" duration-ms="107">
    <groups>
    </groups>
    <test started-at="2025-11-09T23:36:04 GMT+06:00" name="Default test" finished-at="2025-11-09T23:36:04 GMT+06:00" duration-ms="107">
      <class name="CH_17_OOP_principals_need_for_framework_development.PS1">
        <test-method is-config="true" signature="beforeRun()[pri:0, instance:CH_17_OOP_principals_need_for_framework_development.PS1@198b6731]" started-at="2025-11-09T23:36:04 GMT+06:00" name="beforeRun" finished-at="2025-11-09T23:36:04 GMT+06:00" duration-ms="10" status="PASS">
          <reporter-output>
          </reporter-output>
        </test-method> <!-- beforeRun -->
        <test-method signature="testRun()[pri:0, instance:CH_17_OOP_principals_need_for_framework_development.PS1@198b6731]" started-at="2025-11-09T23:36:04 GMT+06:00" name="testRun" finished-at="2025-11-09T23:36:04 GMT+06:00" duration-ms="25" status="PASS">
          <reporter-output>
          </reporter-output>
        </test-method> <!-- testRun -->
        <test-method is-config="true" signature="afterRun()[pri:0, instance:CH_17_OOP_principals_need_for_framework_development.PS1@198b6731]" started-at="2025-11-09T23:36:04 GMT+06:00" name="afterRun" finished-at="2025-11-09T23:36:04 GMT+06:00" duration-ms="1" status="PASS">
          <reporter-output>
          </reporter-output>
        </test-method> <!-- afterRun -->
      </class> <!-- CH_17_OOP_principals_need_for_framework_development.PS1 -->
    </test> <!-- Default test -->
  </suite> <!-- Default suite -->
</testng-results>
