<?xml version="1.0" encoding="UTF-8"?>
<!-- Generated by org.testng.reporters.JUnitReportReporter -->
<testsuite hostname="DESKTOP-BN58AHQ" failures="0" tests="2" name="CH_16_TestNG.day3" time="0.002" errors="0" timestamp="2025-11-08T18:40:44 GMT+06:00" skipped="1">
  <testcase classname="CH_16_TestNG.day3" name="mobileLogInCarLoan" time="0.002"/>
  <testcase classname="CH_16_TestNG.day3" name="mobileSingInCarLoan">
    <skipped/>
  </testcase> <!-- mobileSingInCarLoan -->
</testsuite> <!-- CH_16_TestNG.day3 -->
